# JRE version: Java(TM) SE Runtime Environment (8.0_111-b14) (build 1.8.0_111-b14)
# Java VM: Java HotSpot(TM) 64-Bit Server VM (25.111-b14 mixed mode windows-amd64 compressed oops)
Heap:
 PSYoungGen      total 76288K, used 64900K [0x00000000d5e00000, 0x00000000df300000, 0x0000000100000000)
  eden space 65536K, 99% used [0x00000000d5e00000,0x00000000d9d611a0,0x00000000d9e00000)
  from space 10752K, 0% used [0x00000000da880000,0x00000000da880000,0x00000000db300000)
  to   space 10752K, 0% used [0x00000000d9e00000,0x00000000d9e00000,0x00000000da880000)
 ParOldGen       total 175104K, used 41330K [0x0000000081a00000, 0x000000008c500000, 0x00000000d5e00000)
  object space 175104K, 23% used [0x0000000081a00000,0x000000008425cb78,0x000000008c500000)
 Metaspace       used 15113K, capacity 15418K, committed 15744K, reserved 1062912K
  class space    used 1784K, capacity 1877K, committed 1920K, reserved 1048576K
GC Heap History (6 events):
Event: 4.822 GC heap before
{Heap before GC invocations=1 (full 0):
 PSYoungGen      total 76288K, used 65536K [0x00000000d5e00000, 0x00000000db300000, 0x0000000100000000)
  eden space 65536K, 100% used [0x00000000d5e00000,0x00000000d9e00000,0x00000000d9e00000)
  from space 10752K, 0% used [0x00000000da880000,0x00000000da880000,0x00000000db300000)
  to   space 10752K, 0% used [0x00000000d9e00000,0x00000000d9e00000,0x00000000da880000)
 ParOldGen       total 175104K, used 0K [0x0000000081a00000, 0x000000008c500000, 0x00000000d5e00000)
  object space 175104K, 0% used [0x0000000081a00000,0x0000000081a00000,0x000000008c500000)
 Metaspace       used 11586K, capacity 11872K, committed 12032K, reserved 1060864K
  class space    used 1389K, capacity 1488K, committed 1536K, reserved 1048576K
Event: 4.835 GC heap after
Heap after GC invocations=1 (full 0):
 PSYoungGen      total 76288K, used 2229K [0x00000000d5e00000, 0x00000000db300000, 0x0000000100000000)
  eden space 65536K, 0% used [0x00000000d5e00000,0x00000000d5e00000,0x00000000d9e00000)
  from space 10752K, 20% used [0x00000000d9e00000,0x00000000da02d4a0,0x00000000da880000)
  to   space 10752K, 0% used [0x00000000da880000,0x00000000da880000,0x00000000db300000)
 ParOldGen       total 175104K, used 39313K [0x0000000081a00000, 0x000000008c500000, 0x00000000d5e00000)
  object space 175104K, 22% used [0x0000000081a00000,0x0000000084064548,0x000000008c500000)
 Metaspace       used 11586K, capacity 11872K, committed 12032K, reserved 1060864K
  class space    used 1389K, capacity 1488K, committed 1536K, reserved 1048576K
}
Event: 4.970 GC heap before
{Heap before GC invocations=2 (full 0):
 PSYoungGen      total 76288K, used 57222K [0x00000000d5e00000, 0x00000000db300000, 0x0000000100000000)
  eden space 65536K, 83% used [0x00000000d5e00000,0x00000000d93b45b0,0x00000000d9e00000)
  from space 10752K, 20% used [0x00000000d9e00000,0x00000000da02d4a0,0x00000000da880000)
  to   space 10752K, 0% used [0x00000000da880000,0x00000000da880000,0x00000000db300000)
 ParOldGen       total 175104K, used 39313K [0x0000000081a00000, 0x000000008c500000, 0x00000000d5e00000)
  object space 175104K, 22% used [0x0000000081a00000,0x0000000084064548,0x000000008c500000)
 Metaspace       used 11593K, capacity 11872K, committed 12032K, reserved 1060864K
  class space    used 1389K, capacity 1488K, committed 1536K, reserved 1048576K
Event: 4.986 GC heap after
Heap after GC invocations=2 (full 0):
 PSYoungGen      total 76288K, used 2149K [0x00000000d5e00000, 0x00000000df300000, 0x0000000100000000)
  eden space 65536K, 0% used [0x00000000d5e00000,0x00000000d5e00000,0x00000000d9e00000)
  from space 10752K, 19% used [0x00000000da880000,0x00000000daa99490,0x00000000db300000)
  to   space 10752K, 0% used [0x00000000d9e00000,0x00000000d9e00000,0x00000000da880000)
 ParOldGen       total 175104K, used 117931K [0x0000000081a00000, 0x000000008c500000, 0x00000000d5e00000)
  object space 175104K, 67% used [0x0000000081a00000,0x0000000088d2afd8,0x000000008c500000)
 Metaspace       used 11593K, capacity 11872K, committed 12032K, reserved 1060864K
  class space    used 1389K, capacity 1488K, committed 1536K, reserved 1048576K
}
Event: 4.986 GC heap before
{Heap before GC invocations=3 (full 1):
 PSYoungGen      total 76288K, used 2149K [0x00000000d5e00000, 0x00000000df300000, 0x0000000100000000)
  eden space 65536K, 0% used [0x00000000d5e00000,0x00000000d5e00000,0x00000000d9e00000)
  from space 10752K, 19% used [0x00000000da880000,0x00000000daa99490,0x00000000db300000)
  to   space 10752K, 0% used [0x00000000d9e00000,0x00000000d9e00000,0x00000000da880000)
 ParOldGen       total 175104K, used 117931K [0x0000000081a00000, 0x000000008c500000, 0x00000000d5e00000)
  object space 175104K, 67% used [0x0000000081a00000,0x0000000088d2afd8,0x000000008c500000)
 Metaspace       used 11593K, capacity 11872K, committed 12032K, reserved 1060864K
  class space    used 1389K, capacity 1488K, committed 1536K, reserved 1048576K
Event: 5.008 GC heap after
Heap after GC invocations=3 (full 1):
 PSYoungGen      total 76288K, used 0K [0x00000000d5e00000, 0x00000000df300000, 0x0000000100000000)
  eden space 65536K, 0% used [0x00000000d5e00000,0x00000000d5e00000,0x00000000d9e00000)
  from space 10752K, 0% used [0x00000000da880000,0x00000000da880000,0x00000000db300000)
  to   space 10752K, 0% used [0x00000000d9e00000,0x00000000d9e00000,0x00000000da880000)
 ParOldGen       total 175104K, used 41330K [0x0000000081a00000, 0x000000008c500000, 0x00000000d5e00000)
  object space 175104K, 23% used [0x0000000081a00000,0x000000008425cb78,0x000000008c500000)
 Metaspace       used 11593K, capacity 11872K, committed 12032K, reserved 1060864K
  class space    used 1389K, capacity 1488K, committed 1536K, reserved 1048576K
}

