# JRE version: Java(TM) SE Runtime Environment (8.0_111-b14) (build 1.8.0_111-b14)
# Java VM: Java HotSpot(TM) 64-Bit Server VM (25.111-b14 mixed mode windows-amd64 compressed oops)
Heap:
 PSYoungGen      total 76288K, used 7276K [0x00000000d5e00000, 0x00000000def80000, 0x0000000100000000)
  eden space 65536K, 4% used [0x00000000d5e00000,0x00000000d612eac8,0x00000000d9e00000)
  from space 10752K, 37% used [0x00000000d9e00000,0x00000000da1ec6c0,0x00000000da880000)
  to   space 10752K, 0% used [0x00000000de500000,0x00000000de500000,0x00000000def80000)
 ParOldGen       total 198656K, used 80646K [0x0000000081a00000, 0x000000008dc00000, 0x00000000d5e00000)
  object space 198656K, 40% used [0x0000000081a00000,0x00000000868c1900,0x000000008dc00000)
 Metaspace       used 15146K, capacity 15432K, committed 15744K, reserved 1062912K
  class space    used 1781K, capacity 1875K, committed 1920K, reserved 1048576K
GC Heap History (8 events):
Event: 5.839 GC heap before
{Heap before GC invocations=1 (full 0):
 PSYoungGen      total 76288K, used 65536K [0x00000000d5e00000, 0x00000000db300000, 0x0000000100000000)
  eden space 65536K, 100% used [0x00000000d5e00000,0x00000000d9e00000,0x00000000d9e00000)
  from space 10752K, 0% used [0x00000000da880000,0x00000000da880000,0x00000000db300000)
  to   space 10752K, 0% used [0x00000000d9e00000,0x00000000d9e00000,0x00000000da880000)
 ParOldGen       total 175104K, used 0K [0x0000000081a00000, 0x000000008c500000, 0x00000000d5e00000)
  object space 175104K, 0% used [0x0000000081a00000,0x0000000081a00000,0x000000008c500000)
 Metaspace       used 11602K, capacity 11854K, committed 12032K, reserved 1060864K
  class space    used 1382K, capacity 1454K, committed 1536K, reserved 1048576K
Event: 5.854 GC heap after
Heap after GC invocations=1 (full 0):
 PSYoungGen      total 76288K, used 2181K [0x00000000d5e00000, 0x00000000db300000, 0x0000000100000000)
  eden space 65536K, 0% used [0x00000000d5e00000,0x00000000d5e00000,0x00000000d9e00000)
  from space 10752K, 20% used [0x00000000d9e00000,0x00000000da021490,0x00000000da880000)
  to   space 10752K, 0% used [0x00000000da880000,0x00000000da880000,0x00000000db300000)
 ParOldGen       total 175104K, used 39313K [0x0000000081a00000, 0x000000008c500000, 0x00000000d5e00000)
  object space 175104K, 22% used [0x0000000081a00000,0x0000000084064548,0x000000008c500000)
 Metaspace       used 11602K, capacity 11854K, committed 12032K, reserved 1060864K
  class space    used 1382K, capacity 1454K, committed 1536K, reserved 1048576K
}
Event: 5.997 GC heap before
{Heap before GC invocations=2 (full 0):
 PSYoungGen      total 76288K, used 57189K [0x00000000d5e00000, 0x00000000db300000, 0x0000000100000000)
  eden space 65536K, 83% used [0x00000000d5e00000,0x00000000d93b82a0,0x00000000d9e00000)
  from space 10752K, 20% used [0x00000000d9e00000,0x00000000da021490,0x00000000da880000)
  to   space 10752K, 0% used [0x00000000da880000,0x00000000da880000,0x00000000db300000)
 ParOldGen       total 175104K, used 39313K [0x0000000081a00000, 0x000000008c500000, 0x00000000d5e00000)
  object space 175104K, 22% used [0x0000000081a00000,0x0000000084064548,0x000000008c500000)
 Metaspace       used 11609K, capacity 11854K, committed 12032K, reserved 1060864K
  class space    used 1382K, capacity 1454K, committed 1536K, reserved 1048576K
Event: 6.021 GC heap after
Heap after GC invocations=2 (full 0):
 PSYoungGen      total 76288K, used 2181K [0x00000000d5e00000, 0x00000000df300000, 0x0000000100000000)
  eden space 65536K, 0% used [0x00000000d5e00000,0x00000000d5e00000,0x00000000d9e00000)
  from space 10752K, 20% used [0x00000000da880000,0x00000000daaa1490,0x00000000db300000)
  to   space 10752K, 0% used [0x00000000d9e00000,0x00000000d9e00000,0x00000000da880000)
 ParOldGen       total 175104K, used 117931K [0x0000000081a00000, 0x000000008c500000, 0x00000000d5e00000)
  object space 175104K, 67% used [0x0000000081a00000,0x0000000088d2afd8,0x000000008c500000)
 Metaspace       used 11609K, capacity 11854K, committed 12032K, reserved 1060864K
  class space    used 1382K, capacity 1454K, committed 1536K, reserved 1048576K
}
Event: 6.021 GC heap before
{Heap before GC invocations=3 (full 1):
 PSYoungGen      total 76288K, used 2181K [0x00000000d5e00000, 0x00000000df300000, 0x0000000100000000)
  eden space 65536K, 0% used [0x00000000d5e00000,0x00000000d5e00000,0x00000000d9e00000)
  from space 10752K, 20% used [0x00000000da880000,0x00000000daaa1490,0x00000000db300000)
  to   space 10752K, 0% used [0x00000000d9e00000,0x00000000d9e00000,0x00000000da880000)
 ParOldGen       total 175104K, used 117931K [0x0000000081a00000, 0x000000008c500000, 0x00000000d5e00000)
  object space 175104K, 67% used [0x0000000081a00000,0x0000000088d2afd8,0x000000008c500000)
 Metaspace       used 11609K, capacity 11854K, committed 12032K, reserved 1060864K
  class space    used 1382K, capacity 1454K, committed 1536K, reserved 1048576K
Event: 6.039 GC heap after
Heap after GC invocations=3 (full 1):
 PSYoungGen      total 76288K, used 0K [0x00000000d5e00000, 0x00000000df300000, 0x0000000100000000)
  eden space 65536K, 0% used [0x00000000d5e00000,0x00000000d5e00000,0x00000000d9e00000)
  from space 10752K, 0% used [0x00000000da880000,0x00000000da880000,0x00000000db300000)
  to   space 10752K, 0% used [0x00000000d9e00000,0x00000000d9e00000,0x00000000da880000)
 ParOldGen       total 198656K, used 41332K [0x0000000081a00000, 0x000000008dc00000, 0x00000000d5e00000)
  object space 198656K, 20% used [0x0000000081a00000,0x000000008425d3b8,0x000000008dc00000)
 Metaspace       used 11609K, capacity 11854K, committed 12032K, reserved 1060864K
  class space    used 1382K, capacity 1454K, committed 1536K, reserved 1048576K
}
Event: 11.307 GC heap before
{Heap before GC invocations=4 (full 1):
 PSYoungGen      total 76288K, used 65536K [0x00000000d5e00000, 0x00000000df300000, 0x0000000100000000)
  eden space 65536K, 100% used [0x00000000d5e00000,0x00000000d9e00000,0x00000000d9e00000)
  from space 10752K, 0% used [0x00000000da880000,0x00000000da880000,0x00000000db300000)
  to   space 10752K, 0% used [0x00000000d9e00000,0x00000000d9e00000,0x00000000da880000)
 ParOldGen       total 198656K, used 41332K [0x0000000081a00000, 0x000000008dc00000, 0x00000000d5e00000)
  object space 198656K, 20% used [0x0000000081a00000,0x000000008425d3b8,0x000000008dc00000)
 Metaspace       used 15128K, capacity 15432K, committed 15744K, reserved 1062912K
  class space    used 1781K, capacity 1875K, committed 1920K, reserved 1048576K
Event: 11.317 GC heap after
Heap after GC invocations=4 (full 1):
 PSYoungGen      total 76288K, used 4017K [0x00000000d5e00000, 0x00000000def80000, 0x0000000100000000)
  eden space 65536K, 0% used [0x00000000d5e00000,0x00000000d5e00000,0x00000000d9e00000)
  from space 10752K, 37% used [0x00000000d9e00000,0x00000000da1ec6c0,0x00000000da880000)
  to   space 10752K, 0% used [0x00000000de500000,0x00000000de500000,0x00000000def80000)
 ParOldGen       total 198656K, used 80646K [0x0000000081a00000, 0x000000008dc00000, 0x00000000d5e00000)
  object space 198656K, 40% used [0x0000000081a00000,0x00000000868c1900,0x000000008dc00000)
 Metaspace       used 15128K, capacity 15432K, committed 15744K, reserved 1062912K
  class space    used 1781K, capacity 1875K, committed 1920K, reserved 1048576K
}

