# JRE version: Java(TM) SE Runtime Environment (8.0_111-b14) (build 1.8.0_111-b14)
# Java VM: Java HotSpot(TM) 64-Bit Server VM (25.111-b14 mixed mode windows-amd64 compressed oops)
Heap:
 PSYoungGen      total 244736K, used 72491K [0x00000000d5e00000, 0x00000000f3380000, 0x0000000100000000)
  eden space 193536K, 37% used [0x00000000d5e00000,0x00000000da4cae08,0x00000000e1b00000)
  from space 51200K, 0% used [0x00000000e1b00000,0x00000000e1b00000,0x00000000e4d00000)
  to   space 60416K, 0% used [0x00000000ef880000,0x00000000ef880000,0x00000000f3380000)
 ParOldGen       total 267776K, used 131901K [0x0000000081a00000, 0x0000000091f80000, 0x00000000d5e00000)
  object space 267776K, 49% used [0x0000000081a00000,0x0000000089acf7c8,0x0000000091f80000)
 Metaspace       used 21286K, capacity 21650K, committed 22144K, reserved 1069056K
  class space    used 2510K, capacity 2633K, committed 2688K, reserved 1048576K
GC Heap History (10 events):
Event: 52.267 GC heap before
{Heap before GC invocations=6 (full 1):
 PSYoungGen      total 133632K, used 132617K [0x00000000d5e00000, 0x00000000dec80000, 0x0000000100000000)
  eden space 124416K, 100% used [0x00000000d5e00000,0x00000000dd780000,0x00000000dd780000)
  from space 9216K, 88% used [0x00000000de380000,0x00000000deb82698,0x00000000dec80000)
  to   space 10752K, 0% used [0x00000000dd780000,0x00000000dd780000,0x00000000de200000)
 ParOldGen       total 199680K, used 91359K [0x0000000081a00000, 0x000000008dd00000, 0x00000000d5e00000)
  object space 199680K, 45% used [0x0000000081a00000,0x0000000087337ce0,0x000000008dd00000)
 Metaspace       used 19199K, capacity 19548K, committed 19840K, reserved 1067008K
  class space    used 2274K, capacity 2366K, committed 2432K, reserved 1048576K
Event: 52.320 GC heap after
Heap after GC invocations=6 (full 1):
 PSYoungGen      total 135168K, used 10691K [0x00000000d5e00000, 0x00000000e5900000, 0x0000000100000000)
  eden space 124416K, 0% used [0x00000000d5e00000,0x00000000d5e00000,0x00000000dd780000)
  from space 10752K, 99% used [0x00000000dd780000,0x00000000de1f0d30,0x00000000de200000)
  to   space 12288K, 0% used [0x00000000e4d00000,0x00000000e4d00000,0x00000000e5900000)
 ParOldGen       total 199680K, used 166302K [0x0000000081a00000, 0x000000008dd00000, 0x00000000d5e00000)
  object space 199680K, 83% used [0x0000000081a00000,0x000000008bc67b80,0x000000008dd00000)
 Metaspace       used 19199K, capacity 19548K, committed 19840K, reserved 1067008K
  class space    used 2274K, capacity 2366K, committed 2432K, reserved 1048576K
}
Event: 52.320 GC heap before
{Heap before GC invocations=7 (full 2):
 PSYoungGen      total 135168K, used 10691K [0x00000000d5e00000, 0x00000000e5900000, 0x0000000100000000)
  eden space 124416K, 0% used [0x00000000d5e00000,0x00000000d5e00000,0x00000000dd780000)
  from space 10752K, 99% used [0x00000000dd780000,0x00000000de1f0d30,0x00000000de200000)
  to   space 12288K, 0% used [0x00000000e4d00000,0x00000000e4d00000,0x00000000e5900000)
 ParOldGen       total 199680K, used 166302K [0x0000000081a00000, 0x000000008dd00000, 0x00000000d5e00000)
  object space 199680K, 83% used [0x0000000081a00000,0x000000008bc67b80,0x000000008dd00000)
 Metaspace       used 19199K, capacity 19548K, committed 19840K, reserved 1067008K
  class space    used 2274K, capacity 2366K, committed 2432K, reserved 1048576K
Event: 52.352 GC heap after
Heap after GC invocations=7 (full 2):
 PSYoungGen      total 135168K, used 0K [0x00000000d5e00000, 0x00000000e5900000, 0x0000000100000000)
  eden space 124416K, 0% used [0x00000000d5e00000,0x00000000d5e00000,0x00000000dd780000)
  from space 10752K, 0% used [0x00000000dd780000,0x00000000dd780000,0x00000000de200000)
  to   space 12288K, 0% used [0x00000000e4d00000,0x00000000e4d00000,0x00000000e5900000)
 ParOldGen       total 267776K, used 88734K [0x0000000081a00000, 0x0000000091f80000, 0x00000000d5e00000)
  object space 267776K, 33% used [0x0000000081a00000,0x00000000870a79d8,0x0000000091f80000)
 Metaspace       used 19199K, capacity 19548K, committed 19840K, reserved 1067008K
  class space    used 2274K, capacity 2366K, committed 2432K, reserved 1048576K
}
Event: 205.952 GC heap before
{Heap before GC invocations=8 (full 2):
 PSYoungGen      total 135168K, used 116083K [0x00000000d5e00000, 0x00000000e5900000, 0x0000000100000000)
  eden space 124416K, 93% used [0x00000000d5e00000,0x00000000dcf5cef0,0x00000000dd780000)
  from space 10752K, 0% used [0x00000000dd780000,0x00000000dd780000,0x00000000de200000)
  to   space 12288K, 0% used [0x00000000e4d00000,0x00000000e4d00000,0x00000000e5900000)
 ParOldGen       total 267776K, used 88734K [0x0000000081a00000, 0x0000000091f80000, 0x00000000d5e00000)
  object space 267776K, 33% used [0x0000000081a00000,0x00000000870a79d8,0x0000000091f80000)
 Metaspace       used 21170K, capacity 21580K, committed 21888K, reserved 1069056K
  class space    used 2509K, capacity 2632K, committed 2688K, reserved 1048576K
Event: 205.970 GC heap after
Heap after GC invocations=8 (full 2):
 PSYoungGen      total 205824K, used 12268K [0x00000000d5e00000, 0x00000000ea780000, 0x0000000100000000)
  eden space 193536K, 0% used [0x00000000d5e00000,0x00000000d5e00000,0x00000000e1b00000)
  from space 12288K, 99% used [0x00000000e4d00000,0x00000000e58fb280,0x00000000e5900000)
  to   space 51200K, 0% used [0x00000000e1b00000,0x00000000e1b00000,0x00000000e4d00000)
 ParOldGen       total 267776K, used 153306K [0x0000000081a00000, 0x0000000091f80000, 0x00000000d5e00000)
  object space 267776K, 57% used [0x0000000081a00000,0x000000008afb69f8,0x0000000091f80000)
 Metaspace       used 21170K, capacity 21580K, committed 21888K, reserved 1069056K
  class space    used 2509K, capacity 2632K, committed 2688K, reserved 1048576K
}
Event: 344.359 GC heap before
{Heap before GC invocations=9 (full 2):
 PSYoungGen      total 205824K, used 196207K [0x00000000d5e00000, 0x00000000ea780000, 0x0000000100000000)
  eden space 193536K, 95% used [0x00000000d5e00000,0x00000000e11a0a08,0x00000000e1b00000)
  from space 12288K, 99% used [0x00000000e4d00000,0x00000000e58fb280,0x00000000e5900000)
  to   space 51200K, 0% used [0x00000000e1b00000,0x00000000e1b00000,0x00000000e4d00000)
 ParOldGen       total 267776K, used 153306K [0x0000000081a00000, 0x0000000091f80000, 0x00000000d5e00000)
  object space 267776K, 57% used [0x0000000081a00000,0x000000008afb69f8,0x0000000091f80000)
 Metaspace       used 21268K, capacity 21650K, committed 22144K, reserved 1069056K
  class space    used 2510K, capacity 2633K, committed 2688K, reserved 1048576K
Event: 344.407 GC heap after
Heap after GC invocations=9 (full 2):
 PSYoungGen      total 244736K, used 44575K [0x00000000d5e00000, 0x00000000f3380000, 0x0000000100000000)
  eden space 193536K, 0% used [0x00000000d5e00000,0x00000000d5e00000,0x00000000e1b00000)
  from space 51200K, 87% used [0x00000000e1b00000,0x00000000e4687fa0,0x00000000e4d00000)
  to   space 60416K, 0% used [0x00000000ef880000,0x00000000ef880000,0x00000000f3380000)
 ParOldGen       total 267776K, used 185429K [0x0000000081a00000, 0x0000000091f80000, 0x00000000d5e00000)
  object space 267776K, 69% used [0x0000000081a00000,0x000000008cf15718,0x0000000091f80000)
 Metaspace       used 21268K, capacity 21650K, committed 22144K, reserved 1069056K
  class space    used 2510K, capacity 2633K, committed 2688K, reserved 1048576K
}
Event: 344.407 GC heap before
{Heap before GC invocations=10 (full 3):
 PSYoungGen      total 244736K, used 44575K [0x00000000d5e00000, 0x00000000f3380000, 0x0000000100000000)
  eden space 193536K, 0% used [0x00000000d5e00000,0x00000000d5e00000,0x00000000e1b00000)
  from space 51200K, 87% used [0x00000000e1b00000,0x00000000e4687fa0,0x00000000e4d00000)
  to   space 60416K, 0% used [0x00000000ef880000,0x00000000ef880000,0x00000000f3380000)
 ParOldGen       total 267776K, used 185429K [0x0000000081a00000, 0x0000000091f80000, 0x00000000d5e00000)
  object space 267776K, 69% used [0x0000000081a00000,0x000000008cf15718,0x0000000091f80000)
 Metaspace       used 21268K, capacity 21650K, committed 22144K, reserved 1069056K
  class space    used 2510K, capacity 2633K, committed 2688K, reserved 1048576K
Event: 344.466 GC heap after
Heap after GC invocations=10 (full 3):
 PSYoungGen      total 244736K, used 0K [0x00000000d5e00000, 0x00000000f3380000, 0x0000000100000000)
  eden space 193536K, 0% used [0x00000000d5e00000,0x00000000d5e00000,0x00000000e1b00000)
  from space 51200K, 0% used [0x00000000e1b00000,0x00000000e1b00000,0x00000000e4d00000)
  to   space 60416K, 0% used [0x00000000ef880000,0x00000000ef880000,0x00000000f3380000)
 ParOldGen       total 267776K, used 131901K [0x0000000081a00000, 0x0000000091f80000, 0x00000000d5e00000)
  object space 267776K, 49% used [0x0000000081a00000,0x0000000089acf7c8,0x0000000091f80000)
 Metaspace       used 21268K, capacity 21650K, committed 22144K, reserved 1069056K
  class space    used 2510K, capacity 2633K, committed 2688K, reserved 1048576K
}

