# JRE version: Java(TM) SE Runtime Environment (8.0_111-b14) (build 1.8.0_111-b14)
# Java VM: Java HotSpot(TM) 64-Bit Server VM (25.111-b14 mixed mode windows-amd64 compressed oops)
Heap:
 PSYoungGen      total 76288K, used 34545K [0x00000000d5e00000, 0x00000000ded00000, 0x0000000100000000)
  eden space 65536K, 43% used [0x00000000d5e00000,0x00000000d79c4010,0x00000000d9e00000)
  from space 10752K, 56% used [0x00000000d9e00000,0x00000000da3f8660,0x00000000da880000)
  to   space 10752K, 0% used [0x00000000de280000,0x00000000de280000,0x00000000ded00000)
 ParOldGen       total 200704K, used 80641K [0x0000000081a00000, 0x000000008de00000, 0x00000000d5e00000)
  object space 200704K, 40% used [0x0000000081a00000,0x00000000868c0740,0x000000008de00000)
 Metaspace       used 17822K, capacity 18154K, committed 18432K, reserved 1064960K
  class space    used 2155K, capacity 2266K, committed 2304K, reserved 1048576K
GC Heap History (8 events):
Event: 5.330 GC heap before
{Heap before GC invocations=1 (full 0):
 PSYoungGen      total 76288K, used 65536K [0x00000000d5e00000, 0x00000000db300000, 0x0000000100000000)
  eden space 65536K, 100% used [0x00000000d5e00000,0x00000000d9e00000,0x00000000d9e00000)
  from space 10752K, 0% used [0x00000000da880000,0x00000000da880000,0x00000000db300000)
  to   space 10752K, 0% used [0x00000000d9e00000,0x00000000d9e00000,0x00000000da880000)
 ParOldGen       total 175104K, used 0K [0x0000000081a00000, 0x000000008c500000, 0x00000000d5e00000)
  object space 175104K, 0% used [0x0000000081a00000,0x0000000081a00000,0x000000008c500000)
 Metaspace       used 11603K, capacity 11886K, committed 12032K, reserved 1060864K
  class space    used 1394K, capacity 1486K, committed 1536K, reserved 1048576K
Event: 5.343 GC heap after
Heap after GC invocations=1 (full 0):
 PSYoungGen      total 76288K, used 2197K [0x00000000d5e00000, 0x00000000db300000, 0x0000000100000000)
  eden space 65536K, 0% used [0x00000000d5e00000,0x00000000d5e00000,0x00000000d9e00000)
  from space 10752K, 20% used [0x00000000d9e00000,0x00000000da0254a0,0x00000000da880000)
  to   space 10752K, 0% used [0x00000000da880000,0x00000000da880000,0x00000000db300000)
 ParOldGen       total 175104K, used 39313K [0x0000000081a00000, 0x000000008c500000, 0x00000000d5e00000)
  object space 175104K, 22% used [0x0000000081a00000,0x0000000084064548,0x000000008c500000)
 Metaspace       used 11603K, capacity 11886K, committed 12032K, reserved 1060864K
  class space    used 1394K, capacity 1486K, committed 1536K, reserved 1048576K
}
Event: 5.493 GC heap before
{Heap before GC invocations=2 (full 0):
 PSYoungGen      total 76288K, used 57191K [0x00000000d5e00000, 0x00000000db300000, 0x0000000100000000)
  eden space 65536K, 83% used [0x00000000d5e00000,0x00000000d93b4ab8,0x00000000d9e00000)
  from space 10752K, 20% used [0x00000000d9e00000,0x00000000da0254a0,0x00000000da880000)
  to   space 10752K, 0% used [0x00000000da880000,0x00000000da880000,0x00000000db300000)
 ParOldGen       total 175104K, used 39313K [0x0000000081a00000, 0x000000008c500000, 0x00000000d5e00000)
  object space 175104K, 22% used [0x0000000081a00000,0x0000000084064548,0x000000008c500000)
 Metaspace       used 11609K, capacity 11886K, committed 12032K, reserved 1060864K
  class space    used 1394K, capacity 1486K, committed 1536K, reserved 1048576K
Event: 5.509 GC heap after
Heap after GC invocations=2 (full 0):
 PSYoungGen      total 76288K, used 2213K [0x00000000d5e00000, 0x00000000df300000, 0x0000000100000000)
  eden space 65536K, 0% used [0x00000000d5e00000,0x00000000d5e00000,0x00000000d9e00000)
  from space 10752K, 20% used [0x00000000da880000,0x00000000daaa9490,0x00000000db300000)
  to   space 10752K, 0% used [0x00000000d9e00000,0x00000000d9e00000,0x00000000da880000)
 ParOldGen       total 175104K, used 117931K [0x0000000081a00000, 0x000000008c500000, 0x00000000d5e00000)
  object space 175104K, 67% used [0x0000000081a00000,0x0000000088d2afd8,0x000000008c500000)
 Metaspace       used 11609K, capacity 11886K, committed 12032K, reserved 1060864K
  class space    used 1394K, capacity 1486K, committed 1536K, reserved 1048576K
}
Event: 5.509 GC heap before
{Heap before GC invocations=3 (full 1):
 PSYoungGen      total 76288K, used 2213K [0x00000000d5e00000, 0x00000000df300000, 0x0000000100000000)
  eden space 65536K, 0% used [0x00000000d5e00000,0x00000000d5e00000,0x00000000d9e00000)
  from space 10752K, 20% used [0x00000000da880000,0x00000000daaa9490,0x00000000db300000)
  to   space 10752K, 0% used [0x00000000d9e00000,0x00000000d9e00000,0x00000000da880000)
 ParOldGen       total 175104K, used 117931K [0x0000000081a00000, 0x000000008c500000, 0x00000000d5e00000)
  object space 175104K, 67% used [0x0000000081a00000,0x0000000088d2afd8,0x000000008c500000)
 Metaspace       used 11609K, capacity 11886K, committed 12032K, reserved 1060864K
  class space    used 1394K, capacity 1486K, committed 1536K, reserved 1048576K
Event: 5.530 GC heap after
Heap after GC invocations=3 (full 1):
 PSYoungGen      total 76288K, used 0K [0x00000000d5e00000, 0x00000000df300000, 0x0000000100000000)
  eden space 65536K, 0% used [0x00000000d5e00000,0x00000000d5e00000,0x00000000d9e00000)
  from space 10752K, 0% used [0x00000000da880000,0x00000000da880000,0x00000000db300000)
  to   space 10752K, 0% used [0x00000000d9e00000,0x00000000d9e00000,0x00000000da880000)
 ParOldGen       total 200704K, used 41328K [0x0000000081a00000, 0x000000008de00000, 0x00000000d5e00000)
  object space 200704K, 20% used [0x0000000081a00000,0x000000008425c1f8,0x000000008de00000)
 Metaspace       used 11609K, capacity 11886K, committed 12032K, reserved 1060864K
  class space    used 1394K, capacity 1486K, committed 1536K, reserved 1048576K
}
Event: 9.980 GC heap before
{Heap before GC invocations=4 (full 1):
 PSYoungGen      total 76288K, used 65536K [0x00000000d5e00000, 0x00000000df300000, 0x0000000100000000)
  eden space 65536K, 100% used [0x00000000d5e00000,0x00000000d9e00000,0x00000000d9e00000)
  from space 10752K, 0% used [0x00000000da880000,0x00000000da880000,0x00000000db300000)
  to   space 10752K, 0% used [0x00000000d9e00000,0x00000000d9e00000,0x00000000da880000)
 ParOldGen       total 200704K, used 41328K [0x0000000081a00000, 0x000000008de00000, 0x00000000d5e00000)
  object space 200704K, 20% used [0x0000000081a00000,0x000000008425c1f8,0x000000008de00000)
 Metaspace       used 15127K, capacity 15432K, committed 15744K, reserved 1062912K
  class space    used 1789K, capacity 1875K, committed 1920K, reserved 1048576K
Event: 9.992 GC heap after
Heap after GC invocations=4 (full 1):
 PSYoungGen      total 76288K, used 6113K [0x00000000d5e00000, 0x00000000ded00000, 0x0000000100000000)
  eden space 65536K, 0% used [0x00000000d5e00000,0x00000000d5e00000,0x00000000d9e00000)
  from space 10752K, 56% used [0x00000000d9e00000,0x00000000da3f8660,0x00000000da880000)
  to   space 10752K, 0% used [0x00000000de280000,0x00000000de280000,0x00000000ded00000)
 ParOldGen       total 200704K, used 80641K [0x0000000081a00000, 0x000000008de00000, 0x00000000d5e00000)
  object space 200704K, 40% used [0x0000000081a00000,0x00000000868c0740,0x000000008de00000)
 Metaspace       used 15127K, capacity 15432K, committed 15744K, reserved 1062912K
  class space    used 1789K, capacity 1875K, committed 1920K, reserved 1048576K
}

