# JRE version: Java(TM) SE Runtime Environment (8.0_111-b14) (build 1.8.0_111-b14)
# Java VM: Java HotSpot(TM) 64-Bit Server VM (25.111-b14 mixed mode windows-amd64 compressed oops)
Heap:
 PSYoungGen      total 54784K, used 15558K [0x00000000eab00000, 0x00000000ef000000, 0x0000000100000000)
  eden space 54272K, 28% used [0x00000000eab00000,0x00000000eba31a58,0x00000000ee000000)
  from space 512K, 0% used [0x00000000eef80000,0x00000000eef80000,0x00000000ef000000)
  to   space 5120K, 0% used [0x00000000ee600000,0x00000000ee600000,0x00000000eeb00000)
 ParOldGen       total 87552K, used 30704K [0x00000000c0000000, 0x00000000c5580000, 0x00000000eab00000)
  object space 87552K, 35% used [0x00000000c0000000,0x00000000c1dfc038,0x00000000c5580000)
 Metaspace       used 15187K, capacity 15502K, committed 15744K, reserved 1062912K
  class space    used 1795K, capacity 1877K, committed 1920K, reserved 1048576K
GC Heap History (10 events):
Event: 5.976 GC heap before
{Heap before GC invocations=4 (full 1):
 PSYoungGen      total 38400K, used 27214K [0x00000000eab00000, 0x00000000ef600000, 0x0000000100000000)
  eden space 33280K, 81% used [0x00000000eab00000,0x00000000ec593bc8,0x00000000ecb80000)
  from space 5120K, 0% used [0x00000000ed080000,0x00000000ed080000,0x00000000ed580000)
  to   space 5120K, 0% used [0x00000000ecb80000,0x00000000ecb80000,0x00000000ed080000)
 ParOldGen       total 87552K, used 15135K [0x00000000c0000000, 0x00000000c5580000, 0x00000000eab00000)
  object space 87552K, 17% used [0x00000000c0000000,0x00000000c0ec7ea8,0x00000000c5580000)
 Metaspace       used 11586K, capacity 11856K, committed 12032K, reserved 1060864K
  class space    used 1387K, capacity 1456K, committed 1536K, reserved 1048576K
Event: 5.987 GC heap after
Heap after GC invocations=4 (full 1):
 PSYoungGen      total 38400K, used 192K [0x00000000eab00000, 0x00000000ef480000, 0x0000000100000000)
  eden space 33280K, 0% used [0x00000000eab00000,0x00000000eab00000,0x00000000ecb80000)
  from space 5120K, 3% used [0x00000000ecb80000,0x00000000ecbb0000,0x00000000ed080000)
  to   space 5120K, 0% used [0x00000000eef80000,0x00000000eef80000,0x00000000ef480000)
 ParOldGen       total 87552K, used 54448K [0x00000000c0000000, 0x00000000c5580000, 0x00000000eab00000)
  object space 87552K, 62% used [0x00000000c0000000,0x00000000c352c3f0,0x00000000c5580000)
 Metaspace       used 11586K, capacity 11856K, committed 12032K, reserved 1060864K
  class space    used 1387K, capacity 1456K, committed 1536K, reserved 1048576K
}
Event: 5.987 GC heap before
{Heap before GC invocations=5 (full 2):
 PSYoungGen      total 38400K, used 192K [0x00000000eab00000, 0x00000000ef480000, 0x0000000100000000)
  eden space 33280K, 0% used [0x00000000eab00000,0x00000000eab00000,0x00000000ecb80000)
  from space 5120K, 3% used [0x00000000ecb80000,0x00000000ecbb0000,0x00000000ed080000)
  to   space 5120K, 0% used [0x00000000eef80000,0x00000000eef80000,0x00000000ef480000)
 ParOldGen       total 87552K, used 54448K [0x00000000c0000000, 0x00000000c5580000, 0x00000000eab00000)
  object space 87552K, 62% used [0x00000000c0000000,0x00000000c352c3f0,0x00000000c5580000)
 Metaspace       used 11586K, capacity 11856K, committed 12032K, reserved 1060864K
  class space    used 1387K, capacity 1456K, committed 1536K, reserved 1048576K
Event: 5.996 GC heap after
Heap after GC invocations=5 (full 2):
 PSYoungGen      total 38400K, used 0K [0x00000000eab00000, 0x00000000ef480000, 0x0000000100000000)
  eden space 33280K, 0% used [0x00000000eab00000,0x00000000eab00000,0x00000000ecb80000)
  from space 5120K, 0% used [0x00000000ecb80000,0x00000000ecb80000,0x00000000ed080000)
  to   space 5120K, 0% used [0x00000000eef80000,0x00000000eef80000,0x00000000ef480000)
 ParOldGen       total 87552K, used 28275K [0x00000000c0000000, 0x00000000c5580000, 0x00000000eab00000)
  object space 87552K, 32% used [0x00000000c0000000,0x00000000c1b9cf38,0x00000000c5580000)
 Metaspace       used 11586K, capacity 11856K, committed 12032K, reserved 1060864K
  class space    used 1387K, capacity 1456K, committed 1536K, reserved 1048576K
}
Event: 6.070 GC heap before
{Heap before GC invocations=6 (full 2):
 PSYoungGen      total 38400K, used 26998K [0x00000000eab00000, 0x00000000ef480000, 0x0000000100000000)
  eden space 33280K, 81% used [0x00000000eab00000,0x00000000ec55daf8,0x00000000ecb80000)
  from space 5120K, 0% used [0x00000000ecb80000,0x00000000ecb80000,0x00000000ed080000)
  to   space 5120K, 0% used [0x00000000eef80000,0x00000000eef80000,0x00000000ef480000)
 ParOldGen       total 87552K, used 28275K [0x00000000c0000000, 0x00000000c5580000, 0x00000000eab00000)
  object space 87552K, 32% used [0x00000000c0000000,0x00000000c1b9cf38,0x00000000c5580000)
 Metaspace       used 11586K, capacity 11856K, committed 12032K, reserved 1060864K
  class space    used 1387K, capacity 1456K, committed 1536K, reserved 1048576K
Event: 6.082 GC heap after
Heap after GC invocations=6 (full 2):
 PSYoungGen      total 54784K, used 192K [0x00000000eab00000, 0x00000000ef000000, 0x0000000100000000)
  eden space 54272K, 0% used [0x00000000eab00000,0x00000000eab00000,0x00000000ee000000)
  from space 512K, 37% used [0x00000000eef80000,0x00000000eefb0000,0x00000000ef000000)
  to   space 5120K, 0% used [0x00000000ee600000,0x00000000ee600000,0x00000000eeb00000)
 ParOldGen       total 87552K, used 67581K [0x00000000c0000000, 0x00000000c5580000, 0x00000000eab00000)
  object space 87552K, 77% used [0x00000000c0000000,0x00000000c41ff480,0x00000000c5580000)
 Metaspace       used 11586K, capacity 11856K, committed 12032K, reserved 1060864K
  class space    used 1387K, capacity 1456K, committed 1536K, reserved 1048576K
}
Event: 6.082 GC heap before
{Heap before GC invocations=7 (full 3):
 PSYoungGen      total 54784K, used 192K [0x00000000eab00000, 0x00000000ef000000, 0x0000000100000000)
  eden space 54272K, 0% used [0x00000000eab00000,0x00000000eab00000,0x00000000ee000000)
  from space 512K, 37% used [0x00000000eef80000,0x00000000eefb0000,0x00000000ef000000)
  to   space 5120K, 0% used [0x00000000ee600000,0x00000000ee600000,0x00000000eeb00000)
 ParOldGen       total 87552K, used 67581K [0x00000000c0000000, 0x00000000c5580000, 0x00000000eab00000)
  object space 87552K, 77% used [0x00000000c0000000,0x00000000c41ff480,0x00000000c5580000)
 Metaspace       used 11586K, capacity 11856K, committed 12032K, reserved 1060864K
  class space    used 1387K, capacity 1456K, committed 1536K, reserved 1048576K
Event: 6.115 GC heap after
Heap after GC invocations=7 (full 3):
 PSYoungGen      total 54784K, used 0K [0x00000000eab00000, 0x00000000ef000000, 0x0000000100000000)
  eden space 54272K, 0% used [0x00000000eab00000,0x00000000eab00000,0x00000000ee000000)
  from space 512K, 0% used [0x00000000eef80000,0x00000000eef80000,0x00000000ef000000)
  to   space 5120K, 0% used [0x00000000ee600000,0x00000000ee600000,0x00000000eeb00000)
 ParOldGen       total 87552K, used 41331K [0x00000000c0000000, 0x00000000c5580000, 0x00000000eab00000)
  object space 87552K, 47% used [0x00000000c0000000,0x00000000c285cf78,0x00000000c5580000)
 Metaspace       used 11586K, capacity 11856K, committed 12032K, reserved 1060864K
  class space    used 1387K, capacity 1456K, committed 1536K, reserved 1048576K
}
Event: 10.162 GC heap before
{Heap before GC invocations=8 (full 4):
 PSYoungGen      total 54784K, used 54272K [0x00000000eab00000, 0x00000000ef000000, 0x0000000100000000)
  eden space 54272K, 100% used [0x00000000eab00000,0x00000000ee000000,0x00000000ee000000)
  from space 512K, 0% used [0x00000000eef80000,0x00000000eef80000,0x00000000ef000000)
  to   space 5120K, 0% used [0x00000000ee600000,0x00000000ee600000,0x00000000eeb00000)
 ParOldGen       total 87552K, used 41331K [0x00000000c0000000, 0x00000000c5580000, 0x00000000eab00000)
  object space 87552K, 47% used [0x00000000c0000000,0x00000000c285cf78,0x00000000c5580000)
 Metaspace       used 14883K, capacity 15178K, committed 15488K, reserved 1062912K
  class space    used 1785K, capacity 1877K, committed 1920K, reserved 1048576K
Event: 10.177 GC heap after
Heap after GC invocations=8 (full 4):
 PSYoungGen      total 54784K, used 0K [0x00000000eab00000, 0x00000000ef000000, 0x0000000100000000)
  eden space 54272K, 0% used [0x00000000eab00000,0x00000000eab00000,0x00000000ee000000)
  from space 512K, 0% used [0x00000000eef80000,0x00000000eef80000,0x00000000ef000000)
  to   space 5120K, 0% used [0x00000000ee600000,0x00000000ee600000,0x00000000eeb00000)
 ParOldGen       total 87552K, used 30704K [0x00000000c0000000, 0x00000000c5580000, 0x00000000eab00000)
  object space 87552K, 35% used [0x00000000c0000000,0x00000000c1dfc038,0x00000000c5580000)
 Metaspace       used 14883K, capacity 15178K, committed 15488K, reserved 1062912K
  class space    used 1785K, capacity 1877K, committed 1920K, reserved 1048576K
}

